<?xml version="1.0" encoding="UTF-8"?>
<!-- Generated by org.testng.reporters.JUnitReportReporter -->
<testsuite name="testcases.TestCaseOne" tests="3" time="8.953" ignored="0" failures="0" timestamp="28 Feb 2019 05:16:54 GMT" skipped="0" hostname="LAPTOP-2KHHSKJ5" errors="0">
  <testcase name="verifyTitleTest" time="0.142" classname="testcases.TestCaseOne"/>
  <testcase name="verifyErrorMessage" time="1.237" classname="testcases.TestCaseOne"/>
  <testcase name="verifyLoginPageTest" time="7.574" classname="testcases.TestCaseOne"/>
</testsuite> <!-- testcases.TestCaseOne -->
