<?xml version="1.0" encoding="UTF-8"?>
<!-- Generated by org.testng.reporters.JUnitReportReporter -->
<testsuite name="Selenium.MavenAug2018.NewTest" tests="1" time="0.003" ignored="0" failures="0" timestamp="19 Aug 2018 17:57:20 GMT" skipped="0" hostname="LAPTOP-2KHHSKJ5" errors="0">
  <testcase name="f" time="0.003" classname="Selenium.MavenAug2018.NewTest"/>
</testsuite> <!-- Selenium.MavenAug2018.NewTest -->
